<?xml version="1.0" encoding="UTF-8"?>
<testng-results ignored="0" total="1" passed="1" failed="0" skipped="0">
  <reporter-output>
  </reporter-output>
  <suite started-at="2023-08-27T15:39:14Z" name="Suite" finished-at="2023-08-27T15:39:54Z" duration-ms="39328">
    <groups>
    </groups>
    <test started-at="2023-08-27T15:39:14Z" name="LoginTest" finished-at="2023-08-27T15:39:54Z" duration-ms="39328">
      <class name="OrangeHRM.HRMAutomation.Testcases.TC1_OrangeHRM_LoginPage">
        <test-method is-config="true" signature="Setup(java.lang.String)[pri:0, instance:OrangeHRM.HRMAutomation.Testcases.TC1_OrangeHRM_LoginPage@6bd61f98]" started-at="2023-08-27T15:39:14Z" name="Setup" finished-at="2023-08-27T15:39:38Z" duration-ms="23767" status="PASS">
          <params>
            <param index="0">
              <value>
                <![CDATA[chrome]]>
              </value>
            </param>
          </params>
          <reporter-output>
          </reporter-output>
        </test-method> <!-- Setup -->
        <test-method signature="LoginPageImplementation()[pri:0, instance:OrangeHRM.HRMAutomation.Testcases.TC1_OrangeHRM_LoginPage@6bd61f98]" started-at="2023-08-27T15:39:38Z" name="LoginPageImplementation" finished-at="2023-08-27T15:39:53Z" duration-ms="14749" status="PASS">
          <reporter-output>
          </reporter-output>
        </test-method> <!-- LoginPageImplementation -->
        <test-method is-config="true" signature="TearDown()[pri:0, instance:OrangeHRM.HRMAutomation.Testcases.TC1_OrangeHRM_LoginPage@6bd61f98]" started-at="2023-08-27T15:39:53Z" name="TearDown" finished-at="2023-08-27T15:39:54Z" duration-ms="626" status="PASS">
          <reporter-output>
          </reporter-output>
        </test-method> <!-- TearDown -->
      </class> <!-- OrangeHRM.HRMAutomation.Testcases.TC1_OrangeHRM_LoginPage -->
    </test> <!-- LoginTest -->
  </suite> <!-- Suite -->
</testng-results>
